  [1m[35m (0.2ms)[0m  [1m[34mSELECT sqlite_version(*)[0m
  ↳ bin/rails:9
  [1m[35m (2.1ms)[0m  [1m[35mCREATE TABLE "schema_migrations" ("version" varchar NOT NULL PRIMARY KEY)[0m
  ↳ bin/rails:9
  [1m[35m (3.8ms)[0m  [1m[35mCREATE TABLE "ar_internal_metadata" ("key" varchar NOT NULL PRIMARY KEY, "value" varchar, "created_at" datetime NOT NULL, "updated_at" datetime NOT NULL)[0m
  ↳ bin/rails:9
  [1m[35m (0.2ms)[0m  [1m[34mSELECT "schema_migrations"."version" FROM "schema_migrations" ORDER BY "schema_migrations"."version" ASC[0m
  ↳ bin/rails:9
Migrating to CreateDogsitters (20210506183950)
  [1m[35m (0.1ms)[0m  [1m[36mbegin transaction[0m
  ↳ bin/rails:9
  [1m[35m (3.3ms)[0m  [1m[35mCREATE TABLE "dogsitters" ("id" integer PRIMARY KEY AUTOINCREMENT NOT NULL, "name" varchar, "created_at" datetime NOT NULL, "updated_at" datetime NOT NULL)[0m
  ↳ db/migrate/20210506183950_create_dogsitters.rb:3
  [1m[36mActiveRecord::SchemaMigration Create (0.4ms)[0m  [1m[32mINSERT INTO "schema_migrations" ("version") VALUES (?)[0m  [["version", "20210506183950"]]
  ↳ bin/rails:9
  [1m[35m (3.1ms)[0m  [1m[36mcommit transaction[0m
  ↳ bin/rails:9
Migrating to CreateDogs (20210506184039)
  [1m[35m (0.1ms)[0m  [1m[36mbegin transaction[0m
  ↳ bin/rails:9
  [1m[35m (1.0ms)[0m  [1m[35mCREATE TABLE "dogs" ("id" integer PRIMARY KEY AUTOINCREMENT NOT NULL, "name" varchar, "race" varchar, "created_at" datetime NOT NULL, "updated_at" datetime NOT NULL)[0m
  ↳ db/migrate/20210506184039_create_dogs.rb:3
  [1m[36mActiveRecord::SchemaMigration Create (0.2ms)[0m  [1m[32mINSERT INTO "schema_migrations" ("version") VALUES (?)[0m  [["version", "20210506184039"]]
  ↳ bin/rails:9
  [1m[35m (0.9ms)[0m  [1m[36mcommit transaction[0m
  ↳ bin/rails:9
Migrating to CreateStrolls (20210506184211)
  [1m[35m (0.1ms)[0m  [1m[36mbegin transaction[0m
  ↳ bin/rails:9
  [1m[35m (1.8ms)[0m  [1m[35mCREATE TABLE "strolls" ("id" integer PRIMARY KEY AUTOINCREMENT NOT NULL, "date" datetime, "dogsitter_id" integer, "dog_id" integer, "created_at" datetime NOT NULL, "updated_at" datetime NOT NULL)[0m
  ↳ db/migrate/20210506184211_create_strolls.rb:3
  [1m[35m (0.2ms)[0m  [1m[35mCREATE  INDEX "index_strolls_on_dogsitter_id" ON "strolls" ("dogsitter_id")[0m
  ↳ db/migrate/20210506184211_create_strolls.rb:3
  [1m[35m (0.1ms)[0m  [1m[35mCREATE  INDEX "index_strolls_on_dog_id" ON "strolls" ("dog_id")[0m
  ↳ db/migrate/20210506184211_create_strolls.rb:3
  [1m[36mActiveRecord::SchemaMigration Create (3.4ms)[0m  [1m[32mINSERT INTO "schema_migrations" ("version") VALUES (?)[0m  [["version", "20210506184211"]]
  ↳ bin/rails:9
  [1m[35m (5.4ms)[0m  [1m[36mcommit transaction[0m
  ↳ bin/rails:9
  [1m[36mActiveRecord::InternalMetadata Load (0.2ms)[0m  [1m[34mSELECT  "ar_internal_metadata".* FROM "ar_internal_metadata" WHERE "ar_internal_metadata"."key" = ? LIMIT ?[0m  [["key", "environment"], ["LIMIT", 1]]
  ↳ bin/rails:9
  [1m[35m (0.2ms)[0m  [1m[36mbegin transaction[0m
  ↳ bin/rails:9
  [1m[36mActiveRecord::InternalMetadata Create (0.7ms)[0m  [1m[32mINSERT INTO "ar_internal_metadata" ("key", "value", "created_at", "updated_at") VALUES (?, ?, ?, ?)[0m  [["key", "environment"], ["value", "development"], ["created_at", "2021-05-06 18:45:49.448666"], ["updated_at", "2021-05-06 18:45:49.448666"]]
  ↳ bin/rails:9
  [1m[35m (1.0ms)[0m  [1m[36mcommit transaction[0m
  ↳ bin/rails:9
  [1m[35m (0.2ms)[0m  [1m[34mSELECT "schema_migrations"."version" FROM "schema_migrations" ORDER BY "schema_migrations"."version" ASC[0m
  ↳ bin/rails:9
  [1m[35m (0.2ms)[0m  [1m[34mSELECT "schema_migrations"."version" FROM "schema_migrations" ORDER BY "schema_migrations"."version" ASC[0m
  ↳ bin/rails:9
  [1m[35m (1.8ms)[0m  [1m[36mbegin transaction[0m
  ↳ db/seeds.rb:12
  [1m[36mDogsitter Create (0.6ms)[0m  [1m[32mINSERT INTO "dogsitters" ("name", "created_at", "updated_at") VALUES (?, ?, ?)[0m  [["name", "Alecia Wiegand DDS"], ["created_at", "2021-05-06 18:48:41.439082"], ["updated_at", "2021-05-06 18:48:41.439082"]]
  ↳ db/seeds.rb:12
  [1m[35m (3.3ms)[0m  [1m[36mcommit transaction[0m
  ↳ db/seeds.rb:12
  [1m[35m (0.1ms)[0m  [1m[36mbegin transaction[0m
  ↳ db/seeds.rb:12
  [1m[36mDogsitter Create (1.0ms)[0m  [1m[32mINSERT INTO "dogsitters" ("name", "created_at", "updated_at") VALUES (?, ?, ?)[0m  [["name", "Herschel Hermiston"], ["created_at", "2021-05-06 18:48:41.452220"], ["updated_at", "2021-05-06 18:48:41.452220"]]
  ↳ db/seeds.rb:12
  [1m[35m (0.9ms)[0m  [1m[36mcommit transaction[0m
  ↳ db/seeds.rb:12
  [1m[35m (0.1ms)[0m  [1m[36mbegin transaction[0m
  ↳ db/seeds.rb:12
  [1m[36mDogsitter Create (0.8ms)[0m  [1m[32mINSERT INTO "dogsitters" ("name", "created_at", "updated_at") VALUES (?, ?, ?)[0m  [["name", "Benedict Schoen"], ["created_at", "2021-05-06 18:48:41.458098"], ["updated_at", "2021-05-06 18:48:41.458098"]]
  ↳ db/seeds.rb:12
  [1m[35m (0.9ms)[0m  [1m[36mcommit transaction[0m
  ↳ db/seeds.rb:12
  [1m[35m (0.0ms)[0m  [1m[36mbegin transaction[0m
  ↳ db/seeds.rb:12
  [1m[36mDogsitter Create (0.6ms)[0m  [1m[32mINSERT INTO "dogsitters" ("name", "created_at", "updated_at") VALUES (?, ?, ?)[0m  [["name", "Lauren Shanahan"], ["created_at", "2021-05-06 18:48:41.462410"], ["updated_at", "2021-05-06 18:48:41.462410"]]
  ↳ db/seeds.rb:12
  [1m[35m (0.9ms)[0m  [1m[36mcommit transaction[0m
  ↳ db/seeds.rb:12
  [1m[35m (0.0ms)[0m  [1m[36mbegin transaction[0m
  ↳ db/seeds.rb:12
  [1m[36mDogsitter Create (0.5ms)[0m  [1m[32mINSERT INTO "dogsitters" ("name", "created_at", "updated_at") VALUES (?, ?, ?)[0m  [["name", "Sen. Felica Blanda"], ["created_at", "2021-05-06 18:48:41.466383"], ["updated_at", "2021-05-06 18:48:41.466383"]]
  ↳ db/seeds.rb:12
  [1m[35m (0.8ms)[0m  [1m[36mcommit transaction[0m
  ↳ db/seeds.rb:12
  [1m[35m (0.1ms)[0m  [1m[36mbegin transaction[0m
  ↳ db/seeds.rb:19
  [1m[36mDog Create (0.8ms)[0m  [1m[32mINSERT INTO "dogs" ("name", "race", "created_at", "updated_at") VALUES (?, ?, ?, ?)[0m  [["name", "Oscar"], ["race", "Silky Terrier"], ["created_at", "2021-05-06 18:48:41.486369"], ["updated_at", "2021-05-06 18:48:41.486369"]]
  ↳ db/seeds.rb:19
  [1m[35m (0.8ms)[0m  [1m[36mcommit transaction[0m
  ↳ db/seeds.rb:19
  [1m[35m (0.0ms)[0m  [1m[36mbegin transaction[0m
  ↳ db/seeds.rb:19
  [1m[36mDog Create (0.4ms)[0m  [1m[32mINSERT INTO "dogs" ("name", "race", "created_at", "updated_at") VALUES (?, ?, ?, ?)[0m  [["name", "Cody"], ["race", "Papillon"], ["created_at", "2021-05-06 18:48:41.490129"], ["updated_at", "2021-05-06 18:48:41.490129"]]
  ↳ db/seeds.rb:19
  [1m[35m (1.0ms)[0m  [1m[36mcommit transaction[0m
  ↳ db/seeds.rb:19
  [1m[35m (0.1ms)[0m  [1m[36mbegin transaction[0m
  ↳ db/seeds.rb:19
  [1m[36mDog Create (0.9ms)[0m  [1m[32mINSERT INTO "dogs" ("name", "race", "created_at", "updated_at") VALUES (?, ?, ?, ?)[0m  [["name", "Jasmine"], ["race", "Boston Bulldog"], ["created_at", "2021-05-06 18:48:41.493466"], ["updated_at", "2021-05-06 18:48:41.493466"]]
  ↳ db/seeds.rb:19
  [1m[35m (1.0ms)[0m  [1m[36mcommit transaction[0m
  ↳ db/seeds.rb:19
  [1m[35m (0.0ms)[0m  [1m[36mbegin transaction[0m
  ↳ db/seeds.rb:19
  [1m[36mDog Create (0.5ms)[0m  [1m[32mINSERT INTO "dogs" ("name", "race", "created_at", "updated_at") VALUES (?, ?, ?, ?)[0m  [["name", "Missy"], ["race", "Sealyham Terrier"], ["created_at", "2021-05-06 18:48:41.497970"], ["updated_at", "2021-05-06 18:48:41.497970"]]
  ↳ db/seeds.rb:19
  [1m[35m (0.9ms)[0m  [1m[36mcommit transaction[0m
  ↳ db/seeds.rb:19
  [1m[35m (0.1ms)[0m  [1m[36mbegin transaction[0m
  ↳ db/seeds.rb:19
  [1m[36mDog Create (0.8ms)[0m  [1m[32mINSERT INTO "dogs" ("name", "race", "created_at", "updated_at") VALUES (?, ?, ?, ?)[0m  [["name", "Zoey"], ["race", "Westhighland Terrier"], ["created_at", "2021-05-06 18:48:41.501677"], ["updated_at", "2021-05-06 18:48:41.501677"]]
  ↳ db/seeds.rb:19
  [1m[35m (0.8ms)[0m  [1m[36mcommit transaction[0m
  ↳ db/seeds.rb:19
  [1m[35m (0.1ms)[0m  [1m[36mbegin transaction[0m
  ↳ db/seeds.rb:19
  [1m[36mDog Create (0.4ms)[0m  [1m[32mINSERT INTO "dogs" ("name", "race", "created_at", "updated_at") VALUES (?, ?, ?, ?)[0m  [["name", "Buddy"], ["race", "Rat Terrier"], ["created_at", "2021-05-06 18:48:41.506772"], ["updated_at", "2021-05-06 18:48:41.506772"]]
  ↳ db/seeds.rb:19
  [1m[35m (1.0ms)[0m  [1m[36mcommit transaction[0m
  ↳ db/seeds.rb:19
  [1m[35m (0.0ms)[0m  [1m[36mbegin transaction[0m
  ↳ db/seeds.rb:19
  [1m[36mDog Create (0.4ms)[0m  [1m[32mINSERT INTO "dogs" ("name", "race", "created_at", "updated_at") VALUES (?, ?, ?, ?)[0m  [["name", "Sam"], ["race", "Golden Retriever"], ["created_at", "2021-05-06 18:48:41.511137"], ["updated_at", "2021-05-06 18:48:41.511137"]]
  ↳ db/seeds.rb:19
  [1m[35m (0.8ms)[0m  [1m[36mcommit transaction[0m
  ↳ db/seeds.rb:19
  [1m[35m (0.1ms)[0m  [1m[36mbegin transaction[0m
  ↳ db/seeds.rb:19
  [1m[36mDog Create (0.6ms)[0m  [1m[32mINSERT INTO "dogs" ("name", "race", "created_at", "updated_at") VALUES (?, ?, ?, ?)[0m  [["name", "Buster"], ["race", "Boston Bulldog"], ["created_at", "2021-05-06 18:48:41.515855"], ["updated_at", "2021-05-06 18:48:41.515855"]]
  ↳ db/seeds.rb:19
  [1m[35m (1.0ms)[0m  [1m[36mcommit transaction[0m
  ↳ db/seeds.rb:19
  [1m[35m (0.1ms)[0m  [1m[36mbegin transaction[0m
  ↳ db/seeds.rb:19
  [1m[36mDog Create (0.4ms)[0m  [1m[32mINSERT INTO "dogs" ("name", "race", "created_at", "updated_at") VALUES (?, ?, ?, ?)[0m  [["name", "Jasmine"], ["race", "Brabancon"], ["created_at", "2021-05-06 18:48:41.520999"], ["updated_at", "2021-05-06 18:48:41.520999"]]
  ↳ db/seeds.rb:19
  [1m[35m (0.9ms)[0m  [1m[36mcommit transaction[0m
  ↳ db/seeds.rb:19
  [1m[35m (0.0ms)[0m  [1m[36mbegin transaction[0m
  ↳ db/seeds.rb:19
  [1m[36mDog Create (0.5ms)[0m  [1m[32mINSERT INTO "dogs" ("name", "race", "created_at", "updated_at") VALUES (?, ?, ?, ?)[0m  [["name", "Snickers"], ["race", "Standard Poodle"], ["created_at", "2021-05-06 18:48:41.525353"], ["updated_at", "2021-05-06 18:48:41.525353"]]
  ↳ db/seeds.rb:19
  [1m[35m (0.8ms)[0m  [1m[36mcommit transaction[0m
  ↳ db/seeds.rb:19
  [1m[36mDogsitter Load (0.2ms)[0m  [1m[34mSELECT "dogsitters".* FROM "dogsitters"[0m
  ↳ db/seeds.rb:27
  [1m[36mDog Load (0.2ms)[0m  [1m[34mSELECT "dogs".* FROM "dogs"[0m
  ↳ db/seeds.rb:28
  [1m[36mDogsitter Load (0.2ms)[0m  [1m[34mSELECT  "dogsitters".* FROM "dogsitters" WHERE "dogsitters"."id" = ? LIMIT ?[0m  [["id", 1], ["LIMIT", 1]]
  ↳ db/seeds.rb:30
  [1m[36mDog Load (0.3ms)[0m  [1m[34mSELECT  "dogs".* FROM "dogs" WHERE "dogs"."id" = ? LIMIT ?[0m  [["id", 1], ["LIMIT", 1]]
  ↳ db/seeds.rb:31
  [1m[35m (0.5ms)[0m  [1m[34mSELECT "schema_migrations"."version" FROM "schema_migrations" ORDER BY "schema_migrations"."version" ASC[0m
  ↳ bin/rails:9
  [1m[35m (0.1ms)[0m  [1m[36mbegin transaction[0m
  ↳ db/seeds.rb:12
  [1m[36mDogsitter Create (2.0ms)[0m  [1m[32mINSERT INTO "dogsitters" ("name", "created_at", "updated_at") VALUES (?, ?, ?)[0m  [["name", "Libbie Schneider"], ["created_at", "2021-05-06 18:52:42.777932"], ["updated_at", "2021-05-06 18:52:42.777932"]]
  ↳ db/seeds.rb:12
  [1m[35m (2.1ms)[0m  [1m[36mcommit transaction[0m
  ↳ db/seeds.rb:12
  [1m[35m (0.1ms)[0m  [1m[36mbegin transaction[0m
  ↳ db/seeds.rb:12
  [1m[36mDogsitter Create (0.5ms)[0m  [1m[32mINSERT INTO "dogsitters" ("name", "created_at", "updated_at") VALUES (?, ?, ?)[0m  [["name", "Major Heller JD"], ["created_at", "2021-05-06 18:52:42.788598"], ["updated_at", "2021-05-06 18:52:42.788598"]]
  ↳ db/seeds.rb:12
  [1m[35m (1.5ms)[0m  [1m[36mcommit transaction[0m
  ↳ db/seeds.rb:12
  [1m[35m (0.1ms)[0m  [1m[36mbegin transaction[0m
  ↳ db/seeds.rb:12
  [1m[36mDogsitter Create (0.8ms)[0m  [1m[32mINSERT INTO "dogsitters" ("name", "created_at", "updated_at") VALUES (?, ?, ?)[0m  [["name", "Damian Crist Ret."], ["created_at", "2021-05-06 18:52:42.795495"], ["updated_at", "2021-05-06 18:52:42.795495"]]
  ↳ db/seeds.rb:12
  [1m[35m (1.2ms)[0m  [1m[36mcommit transaction[0m
  ↳ db/seeds.rb:12
  [1m[35m (0.1ms)[0m  [1m[36mbegin transaction[0m
  ↳ db/seeds.rb:12
  [1m[36mDogsitter Create (0.8ms)[0m  [1m[32mINSERT INTO "dogsitters" ("name", "created_at", "updated_at") VALUES (?, ?, ?)[0m  [["name", "Rep. Ty Flatley"], ["created_at", "2021-05-06 18:52:42.801878"], ["updated_at", "2021-05-06 18:52:42.801878"]]
  ↳ db/seeds.rb:12
  [1m[35m (1.2ms)[0m  [1m[36mcommit transaction[0m
  ↳ db/seeds.rb:12
  [1m[35m (0.1ms)[0m  [1m[36mbegin transaction[0m
  ↳ db/seeds.rb:12
  [1m[36mDogsitter Create (0.6ms)[0m  [1m[32mINSERT INTO "dogsitters" ("name", "created_at", "updated_at") VALUES (?, ?, ?)[0m  [["name", "Bruce Reynolds MD"], ["created_at", "2021-05-06 18:52:42.809911"], ["updated_at", "2021-05-06 18:52:42.809911"]]
  ↳ db/seeds.rb:12
  [1m[35m (1.2ms)[0m  [1m[36mcommit transaction[0m
  ↳ db/seeds.rb:12
  [1m[35m (0.1ms)[0m  [1m[36mbegin transaction[0m
  ↳ db/seeds.rb:19
  [1m[36mDog Create (1.2ms)[0m  [1m[32mINSERT INTO "dogs" ("name", "race", "created_at", "updated_at") VALUES (?, ?, ?, ?)[0m  [["name", "Lily"], ["race", "Pug"], ["created_at", "2021-05-06 18:52:42.824978"], ["updated_at", "2021-05-06 18:52:42.824978"]]
  ↳ db/seeds.rb:19
  [1m[35m (1.0ms)[0m  [1m[36mcommit transaction[0m
  ↳ db/seeds.rb:19
  [1m[35m (0.1ms)[0m  [1m[36mbegin transaction[0m
  ↳ db/seeds.rb:19
  [1m[36mDog Create (0.5ms)[0m  [1m[32mINSERT INTO "dogs" ("name", "race", "created_at", "updated_at") VALUES (?, ?, ?, ?)[0m  [["name", "Rex"], ["race", "Miniature Schnauzer"], ["created_at", "2021-05-06 18:52:42.830555"], ["updated_at", "2021-05-06 18:52:42.830555"]]
  ↳ db/seeds.rb:19
  [1m[35m (0.8ms)[0m  [1m[36mcommit transaction[0m
  ↳ db/seeds.rb:19
  [1m[35m (0.0ms)[0m  [1m[36mbegin transaction[0m
  ↳ db/seeds.rb:19
  [1m[36mDog Create (0.5ms)[0m  [1m[32mINSERT INTO "dogs" ("name", "race", "created_at", "updated_at") VALUES (?, ?, ?, ?)[0m  [["name", "Sophie"], ["race", "Border Collie"], ["created_at", "2021-05-06 18:52:42.833782"], ["updated_at", "2021-05-06 18:52:42.833782"]]
  ↳ db/seeds.rb:19
  [1m[35m (0.8ms)[0m  [1m[36mcommit transaction[0m
  ↳ db/seeds.rb:19
  [1m[35m (0.0ms)[0m  [1m[36mbegin transaction[0m
  ↳ db/seeds.rb:19
  [1m[36mDog Create (0.6ms)[0m  [1m[32mINSERT INTO "dogs" ("name", "race", "created_at", "updated_at") VALUES (?, ?, ?, ?)[0m  [["name", "Ruby"], ["race", "Border Collie"], ["created_at", "2021-05-06 18:52:42.837031"], ["updated_at", "2021-05-06 18:52:42.837031"]]
  ↳ db/seeds.rb:19
  [1m[35m (0.8ms)[0m  [1m[36mcommit transaction[0m
  ↳ db/seeds.rb:19
  [1m[35m (0.1ms)[0m  [1m[36mbegin transaction[0m
  ↳ db/seeds.rb:19
  [1m[36mDog Create (1.4ms)[0m  [1m[32mINSERT INTO "dogs" ("name", "race", "created_at", "updated_at") VALUES (?, ?, ?, ?)[0m  [["name", "Shelby"], ["race", "Pyrenees"], ["created_at", "2021-05-06 18:52:42.840826"], ["updated_at", "2021-05-06 18:52:42.840826"]]
  ↳ db/seeds.rb:19
  [1m[35m (1.0ms)[0m  [1m[36mcommit transaction[0m
  ↳ db/seeds.rb:19
  [1m[35m (0.1ms)[0m  [1m[36mbegin transaction[0m
  ↳ db/seeds.rb:19
  [1m[36mDog Create (0.4ms)[0m  [1m[32mINSERT INTO "dogs" ("name", "race", "created_at", "updated_at") VALUES (?, ?, ?, ?)[0m  [["name", "Rascal"], ["race", "Afghan Hound"], ["created_at", "2021-05-06 18:52:42.846650"], ["updated_at", "2021-05-06 18:52:42.846650"]]
  ↳ db/seeds.rb:19
  [1m[35m (0.8ms)[0m  [1m[36mcommit transaction[0m
  ↳ db/seeds.rb:19
  [1m[35m (0.0ms)[0m  [1m[36mbegin transaction[0m
  ↳ db/seeds.rb:19
  [1m[36mDog Create (0.4ms)[0m  [1m[32mINSERT INTO "dogs" ("name", "race", "created_at", "updated_at") VALUES (?, ?, ?, ?)[0m  [["name", "Shadow"], ["race", "Bedlington Terrier"], ["created_at", "2021-05-06 18:52:42.849753"], ["updated_at", "2021-05-06 18:52:42.849753"]]
  ↳ db/seeds.rb:19
  [1m[35m (0.9ms)[0m  [1m[36mcommit transaction[0m
  ↳ db/seeds.rb:19
  [1m[35m (0.0ms)[0m  [1m[36mbegin transaction[0m
  ↳ db/seeds.rb:19
  [1m[36mDog Create (0.4ms)[0m  [1m[32mINSERT INTO "dogs" ("name", "race", "created_at", "updated_at") VALUES (?, ?, ?, ?)[0m  [["name", "Sam"], ["race", "Afghan Hound"], ["created_at", "2021-05-06 18:52:42.852738"], ["updated_at", "2021-05-06 18:52:42.852738"]]
  ↳ db/seeds.rb:19
  [1m[35m (1.0ms)[0m  [1m[36mcommit transaction[0m
  ↳ db/seeds.rb:19
  [1m[35m (0.0ms)[0m  [1m[36mbegin transaction[0m
  ↳ db/seeds.rb:19
  [1m[36mDog Create (0.6ms)[0m  [1m[32mINSERT INTO "dogs" ("name", "race", "created_at", "updated_at") VALUES (?, ?, ?, ?)[0m  [["name", "Penny"], ["race", "Scottish Deerhound"], ["created_at", "2021-05-06 18:52:42.855851"], ["updated_at", "2021-05-06 18:52:42.855851"]]
  ↳ db/seeds.rb:19
  [1m[35m (0.8ms)[0m  [1m[36mcommit transaction[0m
  ↳ db/seeds.rb:19
  [1m[35m (0.0ms)[0m  [1m[36mbegin transaction[0m
  ↳ db/seeds.rb:19
  [1m[36mDog Create (0.5ms)[0m  [1m[32mINSERT INTO "dogs" ("name", "race", "created_at", "updated_at") VALUES (?, ?, ?, ?)[0m  [["name", "Ginger"], ["race", "American Terrier"], ["created_at", "2021-05-06 18:52:42.858998"], ["updated_at", "2021-05-06 18:52:42.858998"]]
  ↳ db/seeds.rb:19
  [1m[35m (0.9ms)[0m  [1m[36mcommit transaction[0m
  ↳ db/seeds.rb:19
  [1m[36mDogsitter Load (0.3ms)[0m  [1m[34mSELECT "dogsitters".* FROM "dogsitters"[0m
  ↳ db/seeds.rb:27
  [1m[36mDog Load (0.3ms)[0m  [1m[34mSELECT "dogs".* FROM "dogs"[0m
  ↳ db/seeds.rb:28
  [1m[36mDogsitter Load (0.2ms)[0m  [1m[34mSELECT  "dogsitters".* FROM "dogsitters" WHERE "dogsitters"."id" = ? LIMIT ?[0m  [["id", 5], ["LIMIT", 1]]
  ↳ db/seeds.rb:30
  [1m[36mDog Load (0.2ms)[0m  [1m[34mSELECT  "dogs".* FROM "dogs" WHERE "dogs"."id" = ? LIMIT ?[0m  [["id", 8], ["LIMIT", 1]]
  ↳ db/seeds.rb:31
  [1m[35m (0.6ms)[0m  [1m[34mSELECT "schema_migrations"."version" FROM "schema_migrations" ORDER BY "schema_migrations"."version" ASC[0m
  ↳ bin/rails:9
  [1m[35m (0.1ms)[0m  [1m[34mSELECT "schema_migrations"."version" FROM "schema_migrations" ORDER BY "schema_migrations"."version" ASC[0m
  ↳ bin/rails:9
  [1m[35m (0.1ms)[0m  [1m[34mSELECT "schema_migrations"."version" FROM "schema_migrations" ORDER BY "schema_migrations"."version" ASC[0m
  ↳ bin/rails:9
  [1m[35m (0.1ms)[0m  [1m[34mSELECT "schema_migrations"."version" FROM "schema_migrations" ORDER BY "schema_migrations"."version" ASC[0m
  ↳ bin/rails:9
Migrating to CreateStrolls (20210506184211)
  [1m[35m (0.1ms)[0m  [1m[36mbegin transaction[0m
  ↳ bin/rails:9
  [1m[35m (2.6ms)[0m  [1m[35mDROP TABLE "strolls"[0m
  ↳ bin/rails:9
  [1m[36mActiveRecord::SchemaMigration Destroy (1.0ms)[0m  [1m[31mDELETE FROM "schema_migrations" WHERE "schema_migrations"."version" = ?[0m  [["version", "20210506184211"]]
  ↳ bin/rails:9
  [1m[35m (1.7ms)[0m  [1m[36mcommit transaction[0m
  ↳ bin/rails:9
  [1m[35m (0.3ms)[0m  [1m[34mSELECT "schema_migrations"."version" FROM "schema_migrations" ORDER BY "schema_migrations"."version" ASC[0m
  ↳ bin/rails:9
  [1m[35m (0.4ms)[0m  [1m[34mSELECT "schema_migrations"."version" FROM "schema_migrations" ORDER BY "schema_migrations"."version" ASC[0m
  ↳ bin/rails:9
  [1m[35m (0.2ms)[0m  [1m[34mSELECT "schema_migrations"."version" FROM "schema_migrations" ORDER BY "schema_migrations"."version" ASC[0m
  ↳ bin/rails:9
  [1m[35m (0.1ms)[0m  [1m[34mSELECT "schema_migrations"."version" FROM "schema_migrations" ORDER BY "schema_migrations"."version" ASC[0m
  ↳ bin/rails:9
  [1m[35m (0.1ms)[0m  [1m[34mSELECT "schema_migrations"."version" FROM "schema_migrations" ORDER BY "schema_migrations"."version" ASC[0m
  ↳ bin/rails:9
Migrating to CreateDogs (20210506184039)
  [1m[35m (0.4ms)[0m  [1m[36mbegin transaction[0m
  ↳ bin/rails:9
  [1m[35m (1.5ms)[0m  [1m[35mDROP TABLE "dogs"[0m
  ↳ bin/rails:9
  [1m[36mActiveRecord::SchemaMigration Destroy (0.3ms)[0m  [1m[31mDELETE FROM "schema_migrations" WHERE "schema_migrations"."version" = ?[0m  [["version", "20210506184039"]]
  ↳ bin/rails:9
  [1m[35m (1.8ms)[0m  [1m[36mcommit transaction[0m
  ↳ bin/rails:9
  [1m[35m (0.2ms)[0m  [1m[34mSELECT "schema_migrations"."version" FROM "schema_migrations" ORDER BY "schema_migrations"."version" ASC[0m
  ↳ bin/rails:9
  [1m[35m (0.3ms)[0m  [1m[34mSELECT "schema_migrations"."version" FROM "schema_migrations" ORDER BY "schema_migrations"."version" ASC[0m
  ↳ bin/rails:9
  [1m[35m (0.1ms)[0m  [1m[34mSELECT "schema_migrations"."version" FROM "schema_migrations" ORDER BY "schema_migrations"."version" ASC[0m
  ↳ bin/rails:9
  [1m[35m (0.1ms)[0m  [1m[34mSELECT "schema_migrations"."version" FROM "schema_migrations" ORDER BY "schema_migrations"."version" ASC[0m
  ↳ bin/rails:9
  [1m[35m (0.1ms)[0m  [1m[34mSELECT "schema_migrations"."version" FROM "schema_migrations" ORDER BY "schema_migrations"."version" ASC[0m
  ↳ bin/rails:9
Migrating to CreateDogsitters (20210506183950)
  [1m[35m (0.1ms)[0m  [1m[36mbegin transaction[0m
  ↳ bin/rails:9
  [1m[35m (2.0ms)[0m  [1m[35mDROP TABLE "dogsitters"[0m
  ↳ bin/rails:9
  [1m[36mActiveRecord::SchemaMigration Destroy (0.2ms)[0m  [1m[31mDELETE FROM "schema_migrations" WHERE "schema_migrations"."version" = ?[0m  [["version", "20210506183950"]]
  ↳ bin/rails:9
  [1m[35m (1.0ms)[0m  [1m[36mcommit transaction[0m
  ↳ bin/rails:9
  [1m[35m (0.1ms)[0m  [1m[34mSELECT "schema_migrations"."version" FROM "schema_migrations" ORDER BY "schema_migrations"."version" ASC[0m
  ↳ bin/rails:9
  [1m[35m (3.1ms)[0m  [1m[34mSELECT "schema_migrations"."version" FROM "schema_migrations" ORDER BY "schema_migrations"."version" ASC[0m
  ↳ bin/rails:9
  [1m[35m (0.5ms)[0m  [1m[34mSELECT "schema_migrations"."version" FROM "schema_migrations" ORDER BY "schema_migrations"."version" ASC[0m
  ↳ bin/rails:9
Migrating to CreateDogsitters (20210506183950)
  [1m[35m (0.1ms)[0m  [1m[36mbegin transaction[0m
  ↳ bin/rails:9
  [1m[35m (0.1ms)[0m  [1m[34mSELECT sqlite_version(*)[0m
  ↳ db/migrate/20210506183950_create_dogsitters.rb:3
  [1m[35m (2.9ms)[0m  [1m[35mCREATE TABLE "dogsitters" ("id" integer PRIMARY KEY AUTOINCREMENT NOT NULL, "name" varchar, "created_at" datetime NOT NULL, "updated_at" datetime NOT NULL)[0m
  ↳ db/migrate/20210506183950_create_dogsitters.rb:3
  [1m[36mActiveRecord::SchemaMigration Create (1.2ms)[0m  [1m[32mINSERT INTO "schema_migrations" ("version") VALUES (?)[0m  [["version", "20210506183950"]]
  ↳ bin/rails:9
  [1m[35m (6.7ms)[0m  [1m[36mcommit transaction[0m
  ↳ bin/rails:9
Migrating to CreateDogs (20210506184039)
  [1m[35m (0.1ms)[0m  [1m[36mbegin transaction[0m
  ↳ bin/rails:9
  [1m[35m (0.6ms)[0m  [1m[35mCREATE TABLE "dogs" ("id" integer PRIMARY KEY AUTOINCREMENT NOT NULL, "name" varchar, "race" varchar, "created_at" datetime NOT NULL, "updated_at" datetime NOT NULL)[0m
  ↳ db/migrate/20210506184039_create_dogs.rb:3
  [1m[36mActiveRecord::SchemaMigration Create (0.2ms)[0m  [1m[32mINSERT INTO "schema_migrations" ("version") VALUES (?)[0m  [["version", "20210506184039"]]
  ↳ bin/rails:9
  [1m[35m (2.3ms)[0m  [1m[36mcommit transaction[0m
  ↳ bin/rails:9
Migrating to CreateStrolls (20210506184211)
  [1m[35m (0.1ms)[0m  [1m[36mbegin transaction[0m
  ↳ bin/rails:9
  [1m[35m (0.6ms)[0m  [1m[35mCREATE TABLE "strolls" ("id" integer PRIMARY KEY AUTOINCREMENT NOT NULL, "date" datetime, "dogsitter_id" integer, "dog_id" integer, "created_at" datetime NOT NULL, "updated_at" datetime NOT NULL)[0m
  ↳ db/migrate/20210506184211_create_strolls.rb:3
  [1m[35m (0.4ms)[0m  [1m[35mCREATE  INDEX "index_strolls_on_dogsitter_id" ON "strolls" ("dogsitter_id")[0m
  ↳ db/migrate/20210506184211_create_strolls.rb:3
  [1m[35m (0.2ms)[0m  [1m[35mCREATE  INDEX "index_strolls_on_dog_id" ON "strolls" ("dog_id")[0m
  ↳ db/migrate/20210506184211_create_strolls.rb:3
  [1m[36mActiveRecord::SchemaMigration Create (0.3ms)[0m  [1m[32mINSERT INTO "schema_migrations" ("version") VALUES (?)[0m  [["version", "20210506184211"]]
  ↳ bin/rails:9
  [1m[35m (1.1ms)[0m  [1m[36mcommit transaction[0m
  ↳ bin/rails:9
  [1m[36mActiveRecord::InternalMetadata Load (3.0ms)[0m  [1m[34mSELECT  "ar_internal_metadata".* FROM "ar_internal_metadata" WHERE "ar_internal_metadata"."key" = ? LIMIT ?[0m  [["key", "environment"], ["LIMIT", 1]]
  ↳ bin/rails:9
  [1m[35m (0.2ms)[0m  [1m[36mbegin transaction[0m
  ↳ bin/rails:9
  [1m[35m (0.1ms)[0m  [1m[36mcommit transaction[0m
  ↳ bin/rails:9
  [1m[35m (0.3ms)[0m  [1m[34mSELECT "schema_migrations"."version" FROM "schema_migrations" ORDER BY "schema_migrations"."version" ASC[0m
  ↳ bin/rails:9
  [1m[35m (0.3ms)[0m  [1m[34mSELECT "schema_migrations"."version" FROM "schema_migrations" ORDER BY "schema_migrations"."version" ASC[0m
  ↳ bin/rails:9
  [1m[35m (4.9ms)[0m  [1m[36mbegin transaction[0m
  ↳ db/seeds.rb:12
  [1m[36mDogsitter Create (0.7ms)[0m  [1m[32mINSERT INTO "dogsitters" ("name", "created_at", "updated_at") VALUES (?, ?, ?)[0m  [["name", "Wanda McLaughlin"], ["created_at", "2021-05-06 18:58:08.383439"], ["updated_at", "2021-05-06 18:58:08.383439"]]
  ↳ db/seeds.rb:12
  [1m[35m (1.3ms)[0m  [1m[36mcommit transaction[0m
  ↳ db/seeds.rb:12
  [1m[35m (0.1ms)[0m  [1m[36mbegin transaction[0m
  ↳ db/seeds.rb:12
  [1m[36mDogsitter Create (1.2ms)[0m  [1m[32mINSERT INTO "dogsitters" ("name", "created_at", "updated_at") VALUES (?, ?, ?)[0m  [["name", "Steve Kub Esq."], ["created_at", "2021-05-06 18:58:08.405033"], ["updated_at", "2021-05-06 18:58:08.405033"]]
  ↳ db/seeds.rb:12
  [1m[35m (1.5ms)[0m  [1m[36mcommit transaction[0m
  ↳ db/seeds.rb:12
  [1m[35m (0.1ms)[0m  [1m[36mbegin transaction[0m
  ↳ db/seeds.rb:12
  [1m[36mDogsitter Create (1.7ms)[0m  [1m[32mINSERT INTO "dogsitters" ("name", "created_at", "updated_at") VALUES (?, ?, ?)[0m  [["name", "Reggie Cassin"], ["created_at", "2021-05-06 18:58:08.411265"], ["updated_at", "2021-05-06 18:58:08.411265"]]
  ↳ db/seeds.rb:12
  [1m[35m (1.8ms)[0m  [1m[36mcommit transaction[0m
  ↳ db/seeds.rb:12
  [1m[35m (0.1ms)[0m  [1m[36mbegin transaction[0m
  ↳ db/seeds.rb:12
  [1m[36mDogsitter Create (0.5ms)[0m  [1m[32mINSERT INTO "dogsitters" ("name", "created_at", "updated_at") VALUES (?, ?, ?)[0m  [["name", "Marc Padberg"], ["created_at", "2021-05-06 18:58:08.419095"], ["updated_at", "2021-05-06 18:58:08.419095"]]
  ↳ db/seeds.rb:12
  [1m[35m (0.9ms)[0m  [1m[36mcommit transaction[0m
  ↳ db/seeds.rb:12
  [1m[35m (0.0ms)[0m  [1m[36mbegin transaction[0m
  ↳ db/seeds.rb:12
  [1m[36mDogsitter Create (0.4ms)[0m  [1m[32mINSERT INTO "dogsitters" ("name", "created_at", "updated_at") VALUES (?, ?, ?)[0m  [["name", "Larry Bogan"], ["created_at", "2021-05-06 18:58:08.422698"], ["updated_at", "2021-05-06 18:58:08.422698"]]
  ↳ db/seeds.rb:12
  [1m[35m (0.8ms)[0m  [1m[36mcommit transaction[0m
  ↳ db/seeds.rb:12
  [1m[35m (0.1ms)[0m  [1m[36mbegin transaction[0m
  ↳ db/seeds.rb:19
  [1m[36mDog Create (0.5ms)[0m  [1m[32mINSERT INTO "dogs" ("name", "race", "created_at", "updated_at") VALUES (?, ?, ?, ?)[0m  [["name", "Harvey"], ["race", "Clumber"], ["created_at", "2021-05-06 18:58:08.438902"], ["updated_at", "2021-05-06 18:58:08.438902"]]
  ↳ db/seeds.rb:19
  [1m[35m (0.9ms)[0m  [1m[36mcommit transaction[0m
  ↳ db/seeds.rb:19
  [1m[35m (0.1ms)[0m  [1m[36mbegin transaction[0m
  ↳ db/seeds.rb:19
  [1m[36mDog Create (0.8ms)[0m  [1m[32mINSERT INTO "dogs" ("name", "race", "created_at", "updated_at") VALUES (?, ?, ?, ?)[0m  [["name", "Cody"], ["race", "Coonhound"], ["created_at", "2021-05-06 18:58:08.442420"], ["updated_at", "2021-05-06 18:58:08.442420"]]
  ↳ db/seeds.rb:19
  [1m[35m (1.1ms)[0m  [1m[36mcommit transaction[0m
  ↳ db/seeds.rb:19
  [1m[35m (0.1ms)[0m  [1m[36mbegin transaction[0m
  ↳ db/seeds.rb:19
  [1m[36mDog Create (0.6ms)[0m  [1m[32mINSERT INTO "dogs" ("name", "race", "created_at", "updated_at") VALUES (?, ?, ?, ?)[0m  [["name", "Lilly"], ["race", "Coonhound"], ["created_at", "2021-05-06 18:58:08.447783"], ["updated_at", "2021-05-06 18:58:08.447783"]]
  ↳ db/seeds.rb:19
  [1m[35m (1.2ms)[0m  [1m[36mcommit transaction[0m
  ↳ db/seeds.rb:19
  [1m[35m (0.1ms)[0m  [1m[36mbegin transaction[0m
  ↳ db/seeds.rb:19
  [1m[36mDog Create (0.4ms)[0m  [1m[32mINSERT INTO "dogs" ("name", "race", "created_at", "updated_at") VALUES (?, ?, ?, ?)[0m  [["name", "Penny"], ["race", "Pug"], ["created_at", "2021-05-06 18:58:08.452644"], ["updated_at", "2021-05-06 18:58:08.452644"]]
  ↳ db/seeds.rb:19
  [1m[35m (1.0ms)[0m  [1m[36mcommit transaction[0m
  ↳ db/seeds.rb:19
  [1m[35m (0.1ms)[0m  [1m[36mbegin transaction[0m
  ↳ db/seeds.rb:19
  [1m[36mDog Create (0.5ms)[0m  [1m[32mINSERT INTO "dogs" ("name", "race", "created_at", "updated_at") VALUES (?, ?, ?, ?)[0m  [["name", "Rex"], ["race", "Brabancon"], ["created_at", "2021-05-06 18:58:08.458259"], ["updated_at", "2021-05-06 18:58:08.458259"]]
  ↳ db/seeds.rb:19
  [1m[35m (0.8ms)[0m  [1m[36mcommit transaction[0m
  ↳ db/seeds.rb:19
  [1m[35m (0.1ms)[0m  [1m[36mbegin transaction[0m
  ↳ db/seeds.rb:19
  [1m[36mDog Create (0.4ms)[0m  [1m[32mINSERT INTO "dogs" ("name", "race", "created_at", "updated_at") VALUES (?, ?, ?, ?)[0m  [["name", "Rusty"], ["race", "Brittany Spaniel"], ["created_at", "2021-05-06 18:58:08.463023"], ["updated_at", "2021-05-06 18:58:08.463023"]]
  ↳ db/seeds.rb:19
  [1m[35m (0.8ms)[0m  [1m[36mcommit transaction[0m
  ↳ db/seeds.rb:19
  [1m[35m (0.0ms)[0m  [1m[36mbegin transaction[0m
  ↳ db/seeds.rb:19
  [1m[36mDog Create (0.5ms)[0m  [1m[32mINSERT INTO "dogs" ("name", "race", "created_at", "updated_at") VALUES (?, ?, ?, ?)[0m  [["name", "Sam"], ["race", "Rat Terrier"], ["created_at", "2021-05-06 18:58:08.467464"], ["updated_at", "2021-05-06 18:58:08.467464"]]
  ↳ db/seeds.rb:19
  [1m[35m (0.8ms)[0m  [1m[36mcommit transaction[0m
  ↳ db/seeds.rb:19
  [1m[35m (0.0ms)[0m  [1m[36mbegin transaction[0m
  ↳ db/seeds.rb:19
  [1m[36mDog Create (0.4ms)[0m  [1m[32mINSERT INTO "dogs" ("name", "race", "created_at", "updated_at") VALUES (?, ?, ?, ?)[0m  [["name", "Lily"], ["race", "Japanese Spaniel"], ["created_at", "2021-05-06 18:58:08.471763"], ["updated_at", "2021-05-06 18:58:08.471763"]]
  ↳ db/seeds.rb:19
  [1m[35m (0.9ms)[0m  [1m[36mcommit transaction[0m
  ↳ db/seeds.rb:19
  [1m[35m (0.1ms)[0m  [1m[36mbegin transaction[0m
  ↳ db/seeds.rb:19
  [1m[36mDog Create (0.5ms)[0m  [1m[32mINSERT INTO "dogs" ("name", "race", "created_at", "updated_at") VALUES (?, ?, ?, ?)[0m  [["name", "Dakota"], ["race", "Beagle"], ["created_at", "2021-05-06 18:58:08.476619"], ["updated_at", "2021-05-06 18:58:08.476619"]]
  ↳ db/seeds.rb:19
  [1m[35m (1.2ms)[0m  [1m[36mcommit transaction[0m
  ↳ db/seeds.rb:19
  [1m[35m (0.1ms)[0m  [1m[36mbegin transaction[0m
  ↳ db/seeds.rb:19
  [1m[36mDog Create (0.4ms)[0m  [1m[32mINSERT INTO "dogs" ("name", "race", "created_at", "updated_at") VALUES (?, ?, ?, ?)[0m  [["name", "Sandy"], ["race", "Boxer"], ["created_at", "2021-05-06 18:58:08.482126"], ["updated_at", "2021-05-06 18:58:08.482126"]]
  ↳ db/seeds.rb:19
  [1m[35m (1.1ms)[0m  [1m[36mcommit transaction[0m
  ↳ db/seeds.rb:19
  [1m[36mDogsitter Load (0.2ms)[0m  [1m[34mSELECT "dogsitters".* FROM "dogsitters"[0m
  ↳ db/seeds.rb:27
  [1m[36mDog Load (0.2ms)[0m  [1m[34mSELECT "dogs".* FROM "dogs"[0m
  ↳ db/seeds.rb:28
  [1m[36mDogsitter Load (0.2ms)[0m  [1m[34mSELECT  "dogsitters".* FROM "dogsitters" WHERE "dogsitters"."id" = ? LIMIT ?[0m  [["id", 5], ["LIMIT", 1]]
  ↳ db/seeds.rb:30
  [1m[36mDog Load (0.2ms)[0m  [1m[34mSELECT  "dogs".* FROM "dogs" WHERE "dogs"."id" = ? LIMIT ?[0m  [["id", 6], ["LIMIT", 1]]
  ↳ db/seeds.rb:31
  [1m[35m (0.3ms)[0m  [1m[34mSELECT "schema_migrations"."version" FROM "schema_migrations" ORDER BY "schema_migrations"."version" ASC[0m
  ↳ bin/rails:9
  [1m[35m (0.1ms)[0m  [1m[34mSELECT "schema_migrations"."version" FROM "schema_migrations" ORDER BY "schema_migrations"."version" ASC[0m
  ↳ bin/rails:9
  [1m[35m (0.1ms)[0m  [1m[34mSELECT "schema_migrations"."version" FROM "schema_migrations" ORDER BY "schema_migrations"."version" ASC[0m
  ↳ bin/rails:9
  [1m[35m (0.2ms)[0m  [1m[34mSELECT "schema_migrations"."version" FROM "schema_migrations" ORDER BY "schema_migrations"."version" ASC[0m
  ↳ bin/rails:9
Migrating to CreateStrolls (20210506184211)
  [1m[35m (0.1ms)[0m  [1m[36mbegin transaction[0m
  ↳ bin/rails:9
  [1m[35m (1.7ms)[0m  [1m[35mDROP TABLE "strolls"[0m
  ↳ bin/rails:9
  [1m[36mActiveRecord::SchemaMigration Destroy (0.9ms)[0m  [1m[31mDELETE FROM "schema_migrations" WHERE "schema_migrations"."version" = ?[0m  [["version", "20210506184211"]]
  ↳ bin/rails:9
  [1m[35m (2.8ms)[0m  [1m[36mcommit transaction[0m
  ↳ bin/rails:9
  [1m[35m (0.2ms)[0m  [1m[34mSELECT "schema_migrations"."version" FROM "schema_migrations" ORDER BY "schema_migrations"."version" ASC[0m
  ↳ bin/rails:9
  [1m[35m (0.3ms)[0m  [1m[34mSELECT "schema_migrations"."version" FROM "schema_migrations" ORDER BY "schema_migrations"."version" ASC[0m
  ↳ bin/rails:9
  [1m[35m (0.1ms)[0m  [1m[34mSELECT "schema_migrations"."version" FROM "schema_migrations" ORDER BY "schema_migrations"."version" ASC[0m
  ↳ bin/rails:9
  [1m[35m (0.1ms)[0m  [1m[34mSELECT "schema_migrations"."version" FROM "schema_migrations" ORDER BY "schema_migrations"."version" ASC[0m
  ↳ bin/rails:9
  [1m[35m (0.1ms)[0m  [1m[34mSELECT "schema_migrations"."version" FROM "schema_migrations" ORDER BY "schema_migrations"."version" ASC[0m
  ↳ bin/rails:9
Migrating to CreateDogs (20210506184039)
  [1m[35m (0.1ms)[0m  [1m[36mbegin transaction[0m
  ↳ bin/rails:9
  [1m[35m (1.8ms)[0m  [1m[35mDROP TABLE "dogs"[0m
  ↳ bin/rails:9
  [1m[36mActiveRecord::SchemaMigration Destroy (0.8ms)[0m  [1m[31mDELETE FROM "schema_migrations" WHERE "schema_migrations"."version" = ?[0m  [["version", "20210506184039"]]
  ↳ bin/rails:9
  [1m[35m (1.3ms)[0m  [1m[36mcommit transaction[0m
  ↳ bin/rails:9
  [1m[35m (0.3ms)[0m  [1m[34mSELECT "schema_migrations"."version" FROM "schema_migrations" ORDER BY "schema_migrations"."version" ASC[0m
  ↳ bin/rails:9
  [1m[35m (0.3ms)[0m  [1m[34mSELECT "schema_migrations"."version" FROM "schema_migrations" ORDER BY "schema_migrations"."version" ASC[0m
  ↳ bin/rails:9
  [1m[35m (0.1ms)[0m  [1m[34mSELECT "schema_migrations"."version" FROM "schema_migrations" ORDER BY "schema_migrations"."version" ASC[0m
  ↳ bin/rails:9
  [1m[35m (0.2ms)[0m  [1m[34mSELECT "schema_migrations"."version" FROM "schema_migrations" ORDER BY "schema_migrations"."version" ASC[0m
  ↳ bin/rails:9
  [1m[35m (0.1ms)[0m  [1m[34mSELECT "schema_migrations"."version" FROM "schema_migrations" ORDER BY "schema_migrations"."version" ASC[0m
  ↳ bin/rails:9
Migrating to CreateDogsitters (20210506183950)
  [1m[35m (0.1ms)[0m  [1m[36mbegin transaction[0m
  ↳ bin/rails:9
  [1m[35m (1.5ms)[0m  [1m[35mDROP TABLE "dogsitters"[0m
  ↳ bin/rails:9
  [1m[36mActiveRecord::SchemaMigration Destroy (4.3ms)[0m  [1m[31mDELETE FROM "schema_migrations" WHERE "schema_migrations"."version" = ?[0m  [["version", "20210506183950"]]
  ↳ bin/rails:9
  [1m[35m (1.3ms)[0m  [1m[36mcommit transaction[0m
  ↳ bin/rails:9
  [1m[35m (0.2ms)[0m  [1m[34mSELECT "schema_migrations"."version" FROM "schema_migrations" ORDER BY "schema_migrations"."version" ASC[0m
  ↳ bin/rails:9
  [1m[35m (0.3ms)[0m  [1m[34mSELECT "schema_migrations"."version" FROM "schema_migrations" ORDER BY "schema_migrations"."version" ASC[0m
  ↳ bin/rails:9
  [1m[35m (0.2ms)[0m  [1m[34mSELECT "schema_migrations"."version" FROM "schema_migrations" ORDER BY "schema_migrations"."version" ASC[0m
  ↳ bin/rails:9
Migrating to CreateDogsitters (20210506183950)
  [1m[35m (0.1ms)[0m  [1m[36mbegin transaction[0m
  ↳ bin/rails:9
  [1m[35m (0.4ms)[0m  [1m[34mSELECT sqlite_version(*)[0m
  ↳ db/migrate/20210506183950_create_dogsitters.rb:3
  [1m[35m (3.6ms)[0m  [1m[35mCREATE TABLE "dogsitters" ("id" integer PRIMARY KEY AUTOINCREMENT NOT NULL, "name" varchar, "created_at" datetime NOT NULL, "updated_at" datetime NOT NULL)[0m
  ↳ db/migrate/20210506183950_create_dogsitters.rb:3
  [1m[36mActiveRecord::SchemaMigration Create (0.4ms)[0m  [1m[32mINSERT INTO "schema_migrations" ("version") VALUES (?)[0m  [["version", "20210506183950"]]
  ↳ bin/rails:9
  [1m[35m (4.5ms)[0m  [1m[36mcommit transaction[0m
  ↳ bin/rails:9
Migrating to CreateDogs (20210506184039)
  [1m[35m (0.3ms)[0m  [1m[36mbegin transaction[0m
  ↳ bin/rails:9
  [1m[35m (1.1ms)[0m  [1m[35mCREATE TABLE "dogs" ("id" integer PRIMARY KEY AUTOINCREMENT NOT NULL, "name" varchar, "race" varchar, "created_at" datetime NOT NULL, "updated_at" datetime NOT NULL)[0m
  ↳ db/migrate/20210506184039_create_dogs.rb:3
  [1m[36mActiveRecord::SchemaMigration Create (0.6ms)[0m  [1m[32mINSERT INTO "schema_migrations" ("version") VALUES (?)[0m  [["version", "20210506184039"]]
  ↳ bin/rails:9
  [1m[35m (6.1ms)[0m  [1m[36mcommit transaction[0m
  ↳ bin/rails:9
Migrating to CreateStrolls (20210506184211)
  [1m[35m (0.1ms)[0m  [1m[36mbegin transaction[0m
  ↳ bin/rails:9
  [1m[35m (1.0ms)[0m  [1m[35mCREATE TABLE "strolls" ("id" integer PRIMARY KEY AUTOINCREMENT NOT NULL, "date" datetime, "dogsitter_id" integer, "dog_id" integer, "created_at" datetime NOT NULL, "updated_at" datetime NOT NULL)[0m
  ↳ db/migrate/20210506184211_create_strolls.rb:3
  [1m[35m (0.4ms)[0m  [1m[35mCREATE  INDEX "index_strolls_on_dogsitter_id" ON "strolls" ("dogsitter_id")[0m
  ↳ db/migrate/20210506184211_create_strolls.rb:3
  [1m[35m (0.2ms)[0m  [1m[35mCREATE  INDEX "index_strolls_on_dog_id" ON "strolls" ("dog_id")[0m
  ↳ db/migrate/20210506184211_create_strolls.rb:3
  [1m[36mActiveRecord::SchemaMigration Create (0.2ms)[0m  [1m[32mINSERT INTO "schema_migrations" ("version") VALUES (?)[0m  [["version", "20210506184211"]]
  ↳ bin/rails:9
  [1m[35m (0.9ms)[0m  [1m[36mcommit transaction[0m
  ↳ bin/rails:9
  [1m[36mActiveRecord::InternalMetadata Load (0.5ms)[0m  [1m[34mSELECT  "ar_internal_metadata".* FROM "ar_internal_metadata" WHERE "ar_internal_metadata"."key" = ? LIMIT ?[0m  [["key", "environment"], ["LIMIT", 1]]
  ↳ bin/rails:9
  [1m[35m (0.1ms)[0m  [1m[36mbegin transaction[0m
  ↳ bin/rails:9
  [1m[35m (0.2ms)[0m  [1m[36mcommit transaction[0m
  ↳ bin/rails:9
  [1m[35m (0.3ms)[0m  [1m[34mSELECT "schema_migrations"."version" FROM "schema_migrations" ORDER BY "schema_migrations"."version" ASC[0m
  ↳ bin/rails:9
  [1m[35m (0.2ms)[0m  [1m[34mSELECT "schema_migrations"."version" FROM "schema_migrations" ORDER BY "schema_migrations"."version" ASC[0m
  ↳ bin/rails:9
  [1m[35m (0.1ms)[0m  [1m[36mbegin transaction[0m
  ↳ db/seeds.rb:12
  [1m[36mDogsitter Create (1.4ms)[0m  [1m[32mINSERT INTO "dogsitters" ("name", "created_at", "updated_at") VALUES (?, ?, ?)[0m  [["name", "Ms. Mellisa Bruen"], ["created_at", "2021-05-06 18:59:34.998400"], ["updated_at", "2021-05-06 18:59:34.998400"]]
  ↳ db/seeds.rb:12
  [1m[35m (1.2ms)[0m  [1m[36mcommit transaction[0m
  ↳ db/seeds.rb:12
  [1m[35m (0.1ms)[0m  [1m[36mbegin transaction[0m
  ↳ db/seeds.rb:12
  [1m[36mDogsitter Create (0.6ms)[0m  [1m[32mINSERT INTO "dogsitters" ("name", "created_at", "updated_at") VALUES (?, ?, ?)[0m  [["name", "Mable Bogan Esq."], ["created_at", "2021-05-06 18:59:35.007069"], ["updated_at", "2021-05-06 18:59:35.007069"]]
  ↳ db/seeds.rb:12
  [1m[35m (1.0ms)[0m  [1m[36mcommit transaction[0m
  ↳ db/seeds.rb:12
  [1m[35m (0.1ms)[0m  [1m[36mbegin transaction[0m
  ↳ db/seeds.rb:12
  [1m[36mDogsitter Create (1.0ms)[0m  [1m[32mINSERT INTO "dogsitters" ("name", "created_at", "updated_at") VALUES (?, ?, ?)[0m  [["name", "Rev. Andrea Keebler"], ["created_at", "2021-05-06 18:59:35.012525"], ["updated_at", "2021-05-06 18:59:35.012525"]]
  ↳ db/seeds.rb:12
  [1m[35m (1.3ms)[0m  [1m[36mcommit transaction[0m
  ↳ db/seeds.rb:12
  [1m[35m (0.2ms)[0m  [1m[36mbegin transaction[0m
  ↳ db/seeds.rb:12
  [1m[36mDogsitter Create (1.0ms)[0m  [1m[32mINSERT INTO "dogsitters" ("name", "created_at", "updated_at") VALUES (?, ?, ?)[0m  [["name", "Austin Funk CPA"], ["created_at", "2021-05-06 18:59:35.021202"], ["updated_at", "2021-05-06 18:59:35.021202"]]
  ↳ db/seeds.rb:12
  [1m[35m (1.1ms)[0m  [1m[36mcommit transaction[0m
  ↳ db/seeds.rb:12
  [1m[35m (3.6ms)[0m  [1m[36mbegin transaction[0m
  ↳ db/seeds.rb:12
  [1m[36mDogsitter Create (1.2ms)[0m  [1m[32mINSERT INTO "dogsitters" ("name", "created_at", "updated_at") VALUES (?, ?, ?)[0m  [["name", "Jenae Corkery"], ["created_at", "2021-05-06 18:59:35.037471"], ["updated_at", "2021-05-06 18:59:35.037471"]]
  ↳ db/seeds.rb:12
  [1m[35m (8.8ms)[0m  [1m[36mcommit transaction[0m
  ↳ db/seeds.rb:12
  [1m[35m (0.1ms)[0m  [1m[36mbegin transaction[0m
  ↳ db/seeds.rb:19
  [1m[36mDog Create (0.8ms)[0m  [1m[32mINSERT INTO "dogs" ("name", "race", "created_at", "updated_at") VALUES (?, ?, ?, ?)[0m  [["name", "Duke"], ["race", "Bedlington Terrier"], ["created_at", "2021-05-06 18:59:35.079739"], ["updated_at", "2021-05-06 18:59:35.079739"]]
  ↳ db/seeds.rb:19
  [1m[35m (1.1ms)[0m  [1m[36mcommit transaction[0m
  ↳ db/seeds.rb:19
  [1m[35m (0.1ms)[0m  [1m[36mbegin transaction[0m
  ↳ db/seeds.rb:19
  [1m[36mDog Create (0.5ms)[0m  [1m[32mINSERT INTO "dogs" ("name", "race", "created_at", "updated_at") VALUES (?, ?, ?, ?)[0m  [["name", "Sam"], ["race", "Sussex Spaniel"], ["created_at", "2021-05-06 18:59:35.087181"], ["updated_at", "2021-05-06 18:59:35.087181"]]
  ↳ db/seeds.rb:19
  [1m[35m (0.9ms)[0m  [1m[36mcommit transaction[0m
  ↳ db/seeds.rb:19
  [1m[35m (0.1ms)[0m  [1m[36mbegin transaction[0m
  ↳ db/seeds.rb:19
  [1m[36mDog Create (0.9ms)[0m  [1m[32mINSERT INTO "dogs" ("name", "race", "created_at", "updated_at") VALUES (?, ?, ?, ?)[0m  [["name", "Rosie"], ["race", "Kerryblue Terrier"], ["created_at", "2021-05-06 18:59:35.092137"], ["updated_at", "2021-05-06 18:59:35.092137"]]
  ↳ db/seeds.rb:19
  [1m[35m (0.9ms)[0m  [1m[36mcommit transaction[0m
  ↳ db/seeds.rb:19
  [1m[35m (0.1ms)[0m  [1m[36mbegin transaction[0m
  ↳ db/seeds.rb:19
  [1m[36mDog Create (0.4ms)[0m  [1m[32mINSERT INTO "dogs" ("name", "race", "created_at", "updated_at") VALUES (?, ?, ?, ?)[0m  [["name", "Shadow"], ["race", "Entlebucher"], ["created_at", "2021-05-06 18:59:35.098069"], ["updated_at", "2021-05-06 18:59:35.098069"]]
  ↳ db/seeds.rb:19
  [1m[35m (0.9ms)[0m  [1m[36mcommit transaction[0m
  ↳ db/seeds.rb:19
  [1m[35m (0.0ms)[0m  [1m[36mbegin transaction[0m
  ↳ db/seeds.rb:19
  [1m[36mDog Create (0.4ms)[0m  [1m[32mINSERT INTO "dogs" ("name", "race", "created_at", "updated_at") VALUES (?, ?, ?, ?)[0m  [["name", "Baxter"], ["race", "Dandie Terrier"], ["created_at", "2021-05-06 18:59:35.101522"], ["updated_at", "2021-05-06 18:59:35.101522"]]
  ↳ db/seeds.rb:19
  [1m[35m (0.8ms)[0m  [1m[36mcommit transaction[0m
  ↳ db/seeds.rb:19
  [1m[35m (0.0ms)[0m  [1m[36mbegin transaction[0m
  ↳ db/seeds.rb:19
  [1m[36mDog Create (0.5ms)[0m  [1m[32mINSERT INTO "dogs" ("name", "race", "created_at", "updated_at") VALUES (?, ?, ?, ?)[0m  [["name", "Lexi"], ["race", "Airedale"], ["created_at", "2021-05-06 18:59:35.104531"], ["updated_at", "2021-05-06 18:59:35.104531"]]
  ↳ db/seeds.rb:19
  [1m[35m (0.9ms)[0m  [1m[36mcommit transaction[0m
  ↳ db/seeds.rb:19
  [1m[35m (0.0ms)[0m  [1m[36mbegin transaction[0m
  ↳ db/seeds.rb:19
  [1m[36mDog Create (0.5ms)[0m  [1m[32mINSERT INTO "dogs" ("name", "race", "created_at", "updated_at") VALUES (?, ?, ?, ?)[0m  [["name", "Bruno"], ["race", "Chesapeake Retriever"], ["created_at", "2021-05-06 18:59:35.108348"], ["updated_at", "2021-05-06 18:59:35.108348"]]
  ↳ db/seeds.rb:19
  [1m[35m (0.8ms)[0m  [1m[36mcommit transaction[0m
  ↳ db/seeds.rb:19
  [1m[35m (0.0ms)[0m  [1m[36mbegin transaction[0m
  ↳ db/seeds.rb:19
  [1m[36mDog Create (0.4ms)[0m  [1m[32mINSERT INTO "dogs" ("name", "race", "created_at", "updated_at") VALUES (?, ?, ?, ?)[0m  [["name", "Lucy"], ["race", "Shihtzu"], ["created_at", "2021-05-06 18:59:35.111541"], ["updated_at", "2021-05-06 18:59:35.111541"]]
  ↳ db/seeds.rb:19
  [1m[35m (2.3ms)[0m  [1m[36mcommit transaction[0m
  ↳ db/seeds.rb:19
  [1m[35m (0.1ms)[0m  [1m[36mbegin transaction[0m
  ↳ db/seeds.rb:19
  [1m[36mDog Create (0.5ms)[0m  [1m[32mINSERT INTO "dogs" ("name", "race", "created_at", "updated_at") VALUES (?, ?, ?, ?)[0m  [["name", "Lilly"], ["race", "Whippet"], ["created_at", "2021-05-06 18:59:35.117716"], ["updated_at", "2021-05-06 18:59:35.117716"]]
  ↳ db/seeds.rb:19
  [1m[35m (0.8ms)[0m  [1m[36mcommit transaction[0m
  ↳ db/seeds.rb:19
  [1m[35m (0.1ms)[0m  [1m[36mbegin transaction[0m
  ↳ db/seeds.rb:19
  [1m[36mDog Create (0.4ms)[0m  [1m[32mINSERT INTO "dogs" ("name", "race", "created_at", "updated_at") VALUES (?, ?, ?, ?)[0m  [["name", "Snickers"], ["race", "Vizsla"], ["created_at", "2021-05-06 18:59:35.122103"], ["updated_at", "2021-05-06 18:59:35.122103"]]
  ↳ db/seeds.rb:19
  [1m[35m (0.8ms)[0m  [1m[36mcommit transaction[0m
  ↳ db/seeds.rb:19
  [1m[36mDogsitter Load (0.2ms)[0m  [1m[34mSELECT "dogsitters".* FROM "dogsitters"[0m
  ↳ db/seeds.rb:27
  [1m[36mDog Load (0.3ms)[0m  [1m[34mSELECT "dogs".* FROM "dogs"[0m
  ↳ db/seeds.rb:28
  [1m[36mDogsitter Load (0.2ms)[0m  [1m[34mSELECT  "dogsitters".* FROM "dogsitters" WHERE "dogsitters"."id" = ? LIMIT ?[0m  [["id", 2], ["LIMIT", 1]]
  ↳ db/seeds.rb:30
  [1m[36mDog Load (0.2ms)[0m  [1m[34mSELECT  "dogs".* FROM "dogs" WHERE "dogs"."id" = ? LIMIT ?[0m  [["id", 9], ["LIMIT", 1]]
  ↳ db/seeds.rb:31
  [1m[35m (0.1ms)[0m  [1m[36mbegin transaction[0m
  ↳ db/seeds.rb:29
  [1m[36mStroll Create (0.6ms)[0m  [1m[32mINSERT INTO "strolls" ("date", "dogsitter_id", "dog_id", "created_at", "updated_at") VALUES (?, ?, ?, ?, ?)[0m  [["date", "2021-04-03 20:06:00"], ["dogsitter_id", 2], ["dog_id", 9], ["created_at", "2021-05-06 18:59:35.196693"], ["updated_at", "2021-05-06 18:59:35.196693"]]
  ↳ db/seeds.rb:29
  [1m[35m (0.9ms)[0m  [1m[36mcommit transaction[0m
  ↳ db/seeds.rb:29
  [1m[36mDogsitter Load (0.1ms)[0m  [1m[34mSELECT "dogsitters".* FROM "dogsitters"[0m
  ↳ db/seeds.rb:27
  [1m[36mDog Load (0.1ms)[0m  [1m[34mSELECT "dogs".* FROM "dogs"[0m
  ↳ db/seeds.rb:28
  [1m[36mDogsitter Load (0.1ms)[0m  [1m[34mSELECT  "dogsitters".* FROM "dogsitters" WHERE "dogsitters"."id" = ? LIMIT ?[0m  [["id", 3], ["LIMIT", 1]]
  ↳ db/seeds.rb:30
  [1m[36mDog Load (0.1ms)[0m  [1m[34mSELECT  "dogs".* FROM "dogs" WHERE "dogs"."id" = ? LIMIT ?[0m  [["id", 4], ["LIMIT", 1]]
  ↳ db/seeds.rb:31
  [1m[35m (0.1ms)[0m  [1m[36mbegin transaction[0m
  ↳ db/seeds.rb:29
  [1m[36mStroll Create (0.5ms)[0m  [1m[32mINSERT INTO "strolls" ("date", "dogsitter_id", "dog_id", "created_at", "updated_at") VALUES (?, ?, ?, ?, ?)[0m  [["date", "2021-01-10 00:41:00"], ["dogsitter_id", 3], ["dog_id", 4], ["created_at", "2021-05-06 18:59:35.206487"], ["updated_at", "2021-05-06 18:59:35.206487"]]
  ↳ db/seeds.rb:29
  [1m[35m (0.9ms)[0m  [1m[36mcommit transaction[0m
  ↳ db/seeds.rb:29
  [1m[36mDogsitter Load (0.1ms)[0m  [1m[34mSELECT "dogsitters".* FROM "dogsitters"[0m
  ↳ db/seeds.rb:27
  [1m[36mDog Load (0.3ms)[0m  [1m[34mSELECT "dogs".* FROM "dogs"[0m
  ↳ db/seeds.rb:28
  [1m[36mDogsitter Load (0.1ms)[0m  [1m[34mSELECT  "dogsitters".* FROM "dogsitters" WHERE "dogsitters"."id" = ? LIMIT ?[0m  [["id", 4], ["LIMIT", 1]]
  ↳ db/seeds.rb:30
  [1m[36mDog Load (0.2ms)[0m  [1m[34mSELECT  "dogs".* FROM "dogs" WHERE "dogs"."id" = ? LIMIT ?[0m  [["id", 10], ["LIMIT", 1]]
  ↳ db/seeds.rb:31
  [1m[35m (0.1ms)[0m  [1m[36mbegin transaction[0m
  ↳ db/seeds.rb:29
  [1m[36mStroll Create (0.5ms)[0m  [1m[32mINSERT INTO "strolls" ("date", "dogsitter_id", "dog_id", "created_at", "updated_at") VALUES (?, ?, ?, ?, ?)[0m  [["date", "2021-08-29 03:28:00"], ["dogsitter_id", 4], ["dog_id", 10], ["created_at", "2021-05-06 18:59:35.218653"], ["updated_at", "2021-05-06 18:59:35.218653"]]
  ↳ db/seeds.rb:29
  [1m[35m (0.9ms)[0m  [1m[36mcommit transaction[0m
  ↳ db/seeds.rb:29
  [1m[36mDogsitter Load (0.1ms)[0m  [1m[34mSELECT "dogsitters".* FROM "dogsitters"[0m
  ↳ db/seeds.rb:27
  [1m[36mDog Load (0.2ms)[0m  [1m[34mSELECT "dogs".* FROM "dogs"[0m
  ↳ db/seeds.rb:28
  [1m[36mDogsitter Load (0.1ms)[0m  [1m[34mSELECT  "dogsitters".* FROM "dogsitters" WHERE "dogsitters"."id" = ? LIMIT ?[0m  [["id", 4], ["LIMIT", 1]]
  ↳ db/seeds.rb:30
  [1m[36mDog Load (0.1ms)[0m  [1m[34mSELECT  "dogs".* FROM "dogs" WHERE "dogs"."id" = ? LIMIT ?[0m  [["id", 6], ["LIMIT", 1]]
  ↳ db/seeds.rb:31
  [1m[35m (0.1ms)[0m  [1m[36mbegin transaction[0m
  ↳ db/seeds.rb:29
  [1m[36mStroll Create (1.0ms)[0m  [1m[32mINSERT INTO "strolls" ("date", "dogsitter_id", "dog_id", "created_at", "updated_at") VALUES (?, ?, ?, ?, ?)[0m  [["date", "2021-01-23 17:50:00"], ["dogsitter_id", 4], ["dog_id", 6], ["created_at", "2021-05-06 18:59:35.228880"], ["updated_at", "2021-05-06 18:59:35.228880"]]
  ↳ db/seeds.rb:29
  [1m[35m (1.4ms)[0m  [1m[36mcommit transaction[0m
  ↳ db/seeds.rb:29
  [1m[36mDogsitter Load (0.2ms)[0m  [1m[34mSELECT "dogsitters".* FROM "dogsitters"[0m
  ↳ db/seeds.rb:27
  [1m[36mDog Load (0.3ms)[0m  [1m[34mSELECT "dogs".* FROM "dogs"[0m
  ↳ db/seeds.rb:28
  [1m[36mDogsitter Load (0.1ms)[0m  [1m[34mSELECT  "dogsitters".* FROM "dogsitters" WHERE "dogsitters"."id" = ? LIMIT ?[0m  [["id", 5], ["LIMIT", 1]]
  ↳ db/seeds.rb:30
  [1m[36mDog Load (0.1ms)[0m  [1m[34mSELECT  "dogs".* FROM "dogs" WHERE "dogs"."id" = ? LIMIT ?[0m  [["id", 8], ["LIMIT", 1]]
  ↳ db/seeds.rb:31
  [1m[35m (0.1ms)[0m  [1m[36mbegin transaction[0m
  ↳ db/seeds.rb:29
  [1m[36mStroll Create (0.6ms)[0m  [1m[32mINSERT INTO "strolls" ("date", "dogsitter_id", "dog_id", "created_at", "updated_at") VALUES (?, ?, ?, ?, ?)[0m  [["date", "2021-01-17 22:43:00"], ["dogsitter_id", 5], ["dog_id", 8], ["created_at", "2021-05-06 18:59:35.243561"], ["updated_at", "2021-05-06 18:59:35.243561"]]
  ↳ db/seeds.rb:29
  [1m[35m (1.0ms)[0m  [1m[36mcommit transaction[0m
  ↳ db/seeds.rb:29
  [1m[36mDogsitter Load (0.1ms)[0m  [1m[34mSELECT "dogsitters".* FROM "dogsitters"[0m
  ↳ db/seeds.rb:27
  [1m[36mDog Load (0.2ms)[0m  [1m[34mSELECT "dogs".* FROM "dogs"[0m
  ↳ db/seeds.rb:28
  [1m[36mDogsitter Load (0.1ms)[0m  [1m[34mSELECT  "dogsitters".* FROM "dogsitters" WHERE "dogsitters"."id" = ? LIMIT ?[0m  [["id", 1], ["LIMIT", 1]]
  ↳ db/seeds.rb:30
  [1m[36mDog Load (0.2ms)[0m  [1m[34mSELECT  "dogs".* FROM "dogs" WHERE "dogs"."id" = ? LIMIT ?[0m  [["id", 3], ["LIMIT", 1]]
  ↳ db/seeds.rb:31
  [1m[35m (0.1ms)[0m  [1m[36mbegin transaction[0m
  ↳ db/seeds.rb:29
  [1m[36mStroll Create (1.2ms)[0m  [1m[32mINSERT INTO "strolls" ("date", "dogsitter_id", "dog_id", "created_at", "updated_at") VALUES (?, ?, ?, ?, ?)[0m  [["date", "2021-09-30 14:03:00"], ["dogsitter_id", 1], ["dog_id", 3], ["created_at", "2021-05-06 18:59:35.264076"], ["updated_at", "2021-05-06 18:59:35.264076"]]
  ↳ db/seeds.rb:29
  [1m[35m (0.9ms)[0m  [1m[36mcommit transaction[0m
  ↳ db/seeds.rb:29
  [1m[36mDogsitter Load (0.2ms)[0m  [1m[34mSELECT "dogsitters".* FROM "dogsitters"[0m
  ↳ db/seeds.rb:27
  [1m[36mDog Load (0.5ms)[0m  [1m[34mSELECT "dogs".* FROM "dogs"[0m
  ↳ db/seeds.rb:28
  [1m[36mDogsitter Load (0.3ms)[0m  [1m[34mSELECT  "dogsitters".* FROM "dogsitters" WHERE "dogsitters"."id" = ? LIMIT ?[0m  [["id", 4], ["LIMIT", 1]]
  ↳ db/seeds.rb:30
  [1m[36mDog Load (0.1ms)[0m  [1m[34mSELECT  "dogs".* FROM "dogs" WHERE "dogs"."id" = ? LIMIT ?[0m  [["id", 5], ["LIMIT", 1]]
  ↳ db/seeds.rb:31
  [1m[35m (0.1ms)[0m  [1m[36mbegin transaction[0m
  ↳ db/seeds.rb:29
  [1m[36mStroll Create (3.5ms)[0m  [1m[32mINSERT INTO "strolls" ("date", "dogsitter_id", "dog_id", "created_at", "updated_at") VALUES (?, ?, ?, ?, ?)[0m  [["date", "2021-11-14 06:14:00"], ["dogsitter_id", 4], ["dog_id", 5], ["created_at", "2021-05-06 18:59:35.277109"], ["updated_at", "2021-05-06 18:59:35.277109"]]
  ↳ db/seeds.rb:29
  [1m[35m (1.8ms)[0m  [1m[36mcommit transaction[0m
  ↳ db/seeds.rb:29
  [1m[36mDogsitter Load (0.2ms)[0m  [1m[34mSELECT "dogsitters".* FROM "dogsitters"[0m
  ↳ db/seeds.rb:27
  [1m[36mDog Load (1.2ms)[0m  [1m[34mSELECT "dogs".* FROM "dogs"[0m
  ↳ db/seeds.rb:28
  [1m[36mDogsitter Load (0.2ms)[0m  [1m[34mSELECT  "dogsitters".* FROM "dogsitters" WHERE "dogsitters"."id" = ? LIMIT ?[0m  [["id", 1], ["LIMIT", 1]]
  ↳ db/seeds.rb:30
  [1m[36mDog Load (0.1ms)[0m  [1m[34mSELECT  "dogs".* FROM "dogs" WHERE "dogs"."id" = ? LIMIT ?[0m  [["id", 10], ["LIMIT", 1]]
  ↳ db/seeds.rb:31
  [1m[35m (0.1ms)[0m  [1m[36mbegin transaction[0m
  ↳ db/seeds.rb:29
  [1m[36mStroll Create (0.8ms)[0m  [1m[32mINSERT INTO "strolls" ("date", "dogsitter_id", "dog_id", "created_at", "updated_at") VALUES (?, ?, ?, ?, ?)[0m  [["date", "2021-12-11 19:39:00"], ["dogsitter_id", 1], ["dog_id", 10], ["created_at", "2021-05-06 18:59:35.298643"], ["updated_at", "2021-05-06 18:59:35.298643"]]
  ↳ db/seeds.rb:29
  [1m[35m (2.1ms)[0m  [1m[36mcommit transaction[0m
  ↳ db/seeds.rb:29
  [1m[36mDogsitter Load (0.2ms)[0m  [1m[34mSELECT "dogsitters".* FROM "dogsitters"[0m
  ↳ db/seeds.rb:27
  [1m[36mDog Load (0.2ms)[0m  [1m[34mSELECT "dogs".* FROM "dogs"[0m
  ↳ db/seeds.rb:28
  [1m[36mDogsitter Load (0.1ms)[0m  [1m[34mSELECT  "dogsitters".* FROM "dogsitters" WHERE "dogsitters"."id" = ? LIMIT ?[0m  [["id", 4], ["LIMIT", 1]]
  ↳ db/seeds.rb:30
  [1m[36mDog Load (0.4ms)[0m  [1m[34mSELECT  "dogs".* FROM "dogs" WHERE "dogs"."id" = ? LIMIT ?[0m  [["id", 8], ["LIMIT", 1]]
  ↳ db/seeds.rb:31
  [1m[35m (0.1ms)[0m  [1m[36mbegin transaction[0m
  ↳ db/seeds.rb:29
  [1m[36mStroll Create (0.8ms)[0m  [1m[32mINSERT INTO "strolls" ("date", "dogsitter_id", "dog_id", "created_at", "updated_at") VALUES (?, ?, ?, ?, ?)[0m  [["date", "2021-03-15 18:06:00"], ["dogsitter_id", 4], ["dog_id", 8], ["created_at", "2021-05-06 18:59:35.316062"], ["updated_at", "2021-05-06 18:59:35.316062"]]
  ↳ db/seeds.rb:29
  [1m[35m (1.6ms)[0m  [1m[36mcommit transaction[0m
  ↳ db/seeds.rb:29
  [1m[36mDogsitter Load (0.3ms)[0m  [1m[34mSELECT "dogsitters".* FROM "dogsitters"[0m
  ↳ db/seeds.rb:27
  [1m[36mDog Load (0.5ms)[0m  [1m[34mSELECT "dogs".* FROM "dogs"[0m
  ↳ db/seeds.rb:28
  [1m[36mDogsitter Load (0.2ms)[0m  [1m[34mSELECT  "dogsitters".* FROM "dogsitters" WHERE "dogsitters"."id" = ? LIMIT ?[0m  [["id", 5], ["LIMIT", 1]]
  ↳ db/seeds.rb:30
  [1m[36mDog Load (9.3ms)[0m  [1m[34mSELECT  "dogs".* FROM "dogs" WHERE "dogs"."id" = ? LIMIT ?[0m  [["id", 5], ["LIMIT", 1]]
  ↳ db/seeds.rb:31
  [1m[35m (0.1ms)[0m  [1m[36mbegin transaction[0m
  ↳ db/seeds.rb:29
  [1m[36mStroll Create (1.2ms)[0m  [1m[32mINSERT INTO "strolls" ("date", "dogsitter_id", "dog_id", "created_at", "updated_at") VALUES (?, ?, ?, ?, ?)[0m  [["date", "2021-10-03 21:02:00"], ["dogsitter_id", 5], ["dog_id", 5], ["created_at", "2021-05-06 18:59:35.486607"], ["updated_at", "2021-05-06 18:59:35.486607"]]
  ↳ db/seeds.rb:29
  [1m[35m (6.1ms)[0m  [1m[36mcommit transaction[0m
  ↳ db/seeds.rb:29
